[debug] [2021-04-07T01:19:50.087Z] ----------------------------------------------------------------------
[debug] [2021-04-07T01:19:50.089Z] Command:       C:\Program Files\nodejs\node.exe C:\Users\oussama\AppData\Roaming\npm\node_modules\firebase-tools\lib\bin\firebase.js emulators:start
[debug] [2021-04-07T01:19:50.090Z] CLI Version:   9.8.0
[debug] [2021-04-07T01:19:50.090Z] Platform:      win32
[debug] [2021-04-07T01:19:50.090Z] Node Version:  v14.16.0
[debug] [2021-04-07T01:19:50.091Z] Time:          Tue Apr 06 2021 21:19:50 GMT-0400 (Eastern Daylight Time)
[debug] [2021-04-07T01:19:50.091Z] ----------------------------------------------------------------------
[debug] 
[debug] [2021-04-07T01:19:50.094Z] >>> [apiv2][query] GET https://firebase-public.firebaseio.com/cli.json [none]
[debug] [2021-04-07T01:19:50.142Z] > command requires scopes: ["email","openid","https://www.googleapis.com/auth/cloudplatformprojects.readonly","https://www.googleapis.com/auth/firebase","https://www.googleapis.com/auth/cloud-platform"]
[debug] [2021-04-07T01:19:50.143Z] > authorizing via signed-in user
[info] i  emulators: Starting emulators: auth, functions, firestore, database, hosting, pubsub {"metadata":{"emulator":{"name":"hub"},"message":"Starting emulators: auth, functions, firestore, database, hosting, pubsub"}}
[debug] [2021-04-07T01:19:50.203Z] [hub] writing locator at C:\Users\oussama\AppData\Local\Temp\hub-promised-land-journey-game.json
[warn] !  Your requested "node" version "12" doesn't match your global version "14" {"metadata":{"emulator":{"name":"functions"},"message":"Your requested \"node\" version \"12\" doesn't match your global version \"14\""}}
[debug] [2021-04-07T01:19:50.265Z] defaultcredentials: writing to file C:\Users\oussama\AppData\Roaming\firebase\ousrahm1_gmail_com_application_default_credentials.json
[debug] [2021-04-07T01:19:50.274Z] Setting GAC to C:\Users\oussama\AppData\Roaming\firebase\ousrahm1_gmail_com_application_default_credentials.json {"metadata":{"emulator":{"name":"functions"},"message":"Setting GAC to C:\\Users\\oussama\\AppData\\Roaming\\firebase\\ousrahm1_gmail_com_application_default_credentials.json"}}
[debug] [2021-04-07T01:19:50.275Z] > refreshing access token with scopes: []
[debug] [2021-04-07T01:19:50.276Z] >>> HTTP REQUEST POST https://www.googleapis.com/oauth2/v3/token  
 <request body omitted>
[debug] [2021-04-07T01:19:50.370Z] <<< [apiv2][status] GET https://firebase-public.firebaseio.com/cli.json 200
[debug] [2021-04-07T01:19:50.371Z] <<< [apiv2][body] GET https://firebase-public.firebaseio.com/cli.json {"cloudBuildErrorAfter":1594252800000,"cloudBuildWarnAfter":1590019200000,"defaultNode10After":1594252800000,"minVersion":"3.0.5","node8DeploysDisabledAfter":1613390400000,"node8RuntimeDisabledAfter":1615809600000,"node8WarnAfter":1600128000000}
[debug] [2021-04-07T01:19:50.403Z] <<< HTTP RESPONSE 200 {"date":"Wed, 07 Apr 2021 01:19:50 GMT","pragma":"no-cache","expires":"Mon, 01 Jan 1990 00:00:00 GMT","cache-control":"no-cache, no-store, max-age=0, must-revalidate","content-type":"application/json; charset=utf-8","vary":"X-Origin, Referer, Origin,Accept-Encoding","server":"scaffolding on HTTPServer2","x-xss-protection":"0","x-frame-options":"SAMEORIGIN","x-content-type-options":"nosniff","alt-svc":"h3-29=\":443\"; ma=2592000,h3-T051=\":443\"; ma=2592000,h3-Q050=\":443\"; ma=2592000,h3-Q046=\":443\"; ma=2592000,h3-Q043=\":443\"; ma=2592000,quic=\":443\"; ma=2592000; v=\"46,43\"","accept-ranges":"none","transfer-encoding":"chunked"}
[debug] [2021-04-07T01:19:50.410Z] >>> [apiv2][query] GET https://firebase.googleapis.com/v1beta1/projects/promised-land-journey-game/adminSdkConfig [none]
[debug] [2021-04-07T01:19:50.772Z] <<< [apiv2][status] GET https://firebase.googleapis.com/v1beta1/projects/promised-land-journey-game/adminSdkConfig 200
[debug] [2021-04-07T01:19:50.773Z] <<< [apiv2][body] GET https://firebase.googleapis.com/v1beta1/projects/promised-land-journey-game/adminSdkConfig {"projectId":"promised-land-journey-game","databaseURL":"https://promised-land-journey-game-default-rtdb.firebaseio.com","storageBucket":"promised-land-journey-game.appspot.com","locationId":"us-central"}
[debug] [2021-04-07T01:19:50.792Z] Ignoring unsupported arg: projectId {"metadata":{"emulator":{"name":"firestore"},"message":"Ignoring unsupported arg: projectId"}}
[debug] [2021-04-07T01:19:50.793Z] Ignoring unsupported arg: auto_download {"metadata":{"emulator":{"name":"firestore"},"message":"Ignoring unsupported arg: auto_download"}}
[debug] [2021-04-07T01:19:50.794Z] Starting Firestore Emulator with command {"binary":"java","args":["-Dgoogle.cloud_firestore.debug_log_level=FINE","-Duser.language=en","-jar","C:\\Users\\oussama\\.cache\\firebase\\emulators\\cloud-firestore-emulator-v1.11.12.jar","--host","localhost","--port",8080,"--rules","C:\\xampp\\htdocs\\Promised-Land-Game\\firestore.rules","--functions_emulator","localhost:5001"],"optionalArgs":["port","webchannel_port","host","rules","functions_emulator","seed_from_export"],"joinArgs":false} {"metadata":{"emulator":{"name":"firestore"},"message":"Starting Firestore Emulator with command {\"binary\":\"java\",\"args\":[\"-Dgoogle.cloud_firestore.debug_log_level=FINE\",\"-Duser.language=en\",\"-jar\",\"C:\\\\Users\\\\oussama\\\\.cache\\\\firebase\\\\emulators\\\\cloud-firestore-emulator-v1.11.12.jar\",\"--host\",\"localhost\",\"--port\",8080,\"--rules\",\"C:\\\\xampp\\\\htdocs\\\\Promised-Land-Game\\\\firestore.rules\",\"--functions_emulator\",\"localhost:5001\"],\"optionalArgs\":[\"port\",\"webchannel_port\",\"host\",\"rules\",\"functions_emulator\",\"seed_from_export\"],\"joinArgs\":false}"}}
[info] i  firestore: Firestore Emulator logging to firestore-debug.log {"metadata":{"emulator":{"name":"firestore"},"message":"Firestore Emulator logging to \u001b[1mfirestore-debug.log\u001b[22m"}}
[debug] [2021-04-07T01:19:55.335Z] API endpoint: http://localhost: {"metadata":{"emulator":{"name":"firestore"},"message":"API endpoint: http://localhost:"}}
[debug] [2021-04-07T01:19:55.336Z] 8080
If you are using a library that supports the FIRESTORE_EMULATOR_HOST environment variable, run:

   export FIRESTORE_EMULATOR_HOST=localhost:8080

Dev App Server is now running.

 {"metadata":{"emulator":{"name":"firestore"},"message":"8080\nIf you are using a library that supports the FIRESTORE_EMULATOR_HOST environment variable, run:\r\n\n   export FIRESTORE_EMULATOR_HOST=localhost:8080\n\nDev App Server is now running.\n\r\n"}}
[debug] [2021-04-07T01:19:55.488Z] >>> [apiv2][query] GET https://firebase.googleapis.com/v1beta1/projects/promised-land-journey-game [none]
[debug] [2021-04-07T01:19:55.691Z] <<< [apiv2][status] GET https://firebase.googleapis.com/v1beta1/projects/promised-land-journey-game 200
[debug] [2021-04-07T01:19:55.692Z] <<< [apiv2][body] GET https://firebase.googleapis.com/v1beta1/projects/promised-land-journey-game {"projectId":"promised-land-journey-game","projectNumber":"671482883052","displayName":"Promised Land Journey Game","name":"projects/promised-land-journey-game","resources":{"hostingSite":"promised-land-journey-game","realtimeDatabaseInstance":"promised-land-journey-game-default-rtdb","storageBucket":"promised-land-journey-game.appspot.com","locationId":"us-central"},"state":"ACTIVE"}
[debug] [2021-04-07T01:19:55.692Z] database rules config:  [{"instance":"promised-land-journey-game-default-rtdb","rules":"C:\\xampp\\htdocs\\Promised-Land-Game\\database.rules.json"}]
[debug] [2021-04-07T01:19:55.700Z] Ignoring unsupported arg: projectId {"metadata":{"emulator":{"name":"database"},"message":"Ignoring unsupported arg: projectId"}}
[debug] [2021-04-07T01:19:55.701Z] Ignoring unsupported arg: auto_download {"metadata":{"emulator":{"name":"database"},"message":"Ignoring unsupported arg: auto_download"}}
[debug] [2021-04-07T01:19:55.701Z] Ignoring unsupported arg: rules {"metadata":{"emulator":{"name":"database"},"message":"Ignoring unsupported arg: rules"}}
[debug] [2021-04-07T01:19:55.701Z] Starting Database Emulator with command {"binary":"java","args":["-Duser.language=en","-jar","C:\\Users\\oussama\\.cache\\firebase\\emulators\\firebase-database-emulator-v4.7.2.jar","--host","localhost","--port",9000,"--functions_emulator_host","localhost","--functions_emulator_port",5001],"optionalArgs":["port","host","functions_emulator_port","functions_emulator_host"],"joinArgs":false} {"metadata":{"emulator":{"name":"database"},"message":"Starting Database Emulator with command {\"binary\":\"java\",\"args\":[\"-Duser.language=en\",\"-jar\",\"C:\\\\Users\\\\oussama\\\\.cache\\\\firebase\\\\emulators\\\\firebase-database-emulator-v4.7.2.jar\",\"--host\",\"localhost\",\"--port\",9000,\"--functions_emulator_host\",\"localhost\",\"--functions_emulator_port\",5001],\"optionalArgs\":[\"port\",\"host\",\"functions_emulator_port\",\"functions_emulator_host\"],\"joinArgs\":false}"}}
[info] i  database: Database Emulator logging to database-debug.log {"metadata":{"emulator":{"name":"database"},"message":"Database Emulator logging to \u001b[1mdatabase-debug.log\u001b[22m"}}
[debug] [2021-04-07T01:20:00.289Z] 21:20:00.287 [NamespaceSystem-akka.actor.default-dispatcher-5] INFO akka.event.slf4j.Slf4jLogger - Slf4jLogger started
 {"metadata":{"emulator":{"name":"database"},"message":"21:20:00.287 [NamespaceSystem-akka.actor.default-dispatcher-5] INFO akka.event.slf4j.Slf4jLogger - Slf4jLogger started\r\n"}}
[debug] [2021-04-07T01:20:00.721Z] 21:20:00.720 [main] INFO com.firebase.server.forge.App$ - Listening at localhost:9000
 {"metadata":{"emulator":{"name":"database"},"message":"21:20:00.720 [main] INFO com.firebase.server.forge.App$ - Listening at localhost:9000\r\n"}}
[debug] [2021-04-07T01:20:06.779Z] Ignoring unsupported arg: projectId {"metadata":{"emulator":{"name":"pubsub"},"message":"Ignoring unsupported arg: projectId"}}
[debug] [2021-04-07T01:20:06.780Z] Ignoring unsupported arg: auto_download {"metadata":{"emulator":{"name":"pubsub"},"message":"Ignoring unsupported arg: auto_download"}}
[debug] [2021-04-07T01:20:06.780Z] Starting Pub/Sub Emulator with command {"binary":"C:\\Users\\oussama\\.cache\\firebase\\emulators\\pubsub-emulator-0.1.0\\pubsub-emulator\\bin\\cloud-pubsub-emulator.bat","args":["--host=localhost","--port=8085"],"optionalArgs":["port","host"],"joinArgs":true} {"metadata":{"emulator":{"name":"pubsub"},"message":"Starting Pub/Sub Emulator with command {\"binary\":\"C:\\\\Users\\\\oussama\\\\.cache\\\\firebase\\\\emulators\\\\pubsub-emulator-0.1.0\\\\pubsub-emulator\\\\bin\\\\cloud-pubsub-emulator.bat\",\"args\":[\"--host=localhost\",\"--port=8085\"],\"optionalArgs\":[\"port\",\"host\"],\"joinArgs\":true}"}}
[info] i  pubsub: Pub/Sub Emulator logging to pubsub-debug.log {"metadata":{"emulator":{"name":"pubsub"},"message":"Pub/Sub Emulator logging to \u001b[1mpubsub-debug.log\u001b[22m"}}
[debug] [2021-04-07T01:20:10.152Z] >>> [apiv2][query] GET https://firebase.googleapis.com/v1beta1/projects/promised-land-journey-game/webApps/-/config [none]
[debug] [2021-04-07T01:20:10.528Z] <<< [apiv2][status] GET https://firebase.googleapis.com/v1beta1/projects/promised-land-journey-game/webApps/-/config 200
[debug] [2021-04-07T01:20:10.528Z] <<< [apiv2][body] GET https://firebase.googleapis.com/v1beta1/projects/promised-land-journey-game/webApps/-/config {"projectId":"promised-land-journey-game","appId":"1:671482883052:web:716262c10ac3246b116ec9","databaseURL":"https://promised-land-journey-game-default-rtdb.firebaseio.com","storageBucket":"promised-land-journey-game.appspot.com","locationId":"us-central","apiKey":"AIzaSyCF_3NhU55DeaMHPsVZVbne6hAyX85fh1o","authDomain":"promised-land-journey-game.firebaseapp.com","messagingSenderId":"671482883052","measurementId":"G-MPN1DGWEJS"}
[info] i  hosting: Serving hosting files from: public {"metadata":{"emulator":{"name":"hosting"},"message":"Serving hosting files from: \u001b[1mpublic\u001b[22m"}}
[info] +  hosting: Local server: http://localhost:5000 {"metadata":{"emulator":{"name":"hosting"},"message":"Local server: \u001b[4m\u001b[1mhttp://localhost:5000\u001b[22m\u001b[24m"}}
[debug] [2021-04-07T01:20:10.579Z] Ignoring unsupported arg: auto_download {"metadata":{"emulator":{"name":"ui"},"message":"Ignoring unsupported arg: auto_download"}}
[debug] [2021-04-07T01:20:10.580Z] Ignoring unsupported arg: port {"metadata":{"emulator":{"name":"ui"},"message":"Ignoring unsupported arg: port"}}
[debug] [2021-04-07T01:20:10.581Z] Starting Emulator UI with command {"binary":"node","args":["C:\\Users\\oussama\\.cache\\firebase\\emulators\\ui-v1.4.2\\server.bundle.js"],"optionalArgs":[],"joinArgs":false} {"metadata":{"emulator":{"name":"ui"},"message":"Starting Emulator UI with command {\"binary\":\"node\",\"args\":[\"C:\\\\Users\\\\oussama\\\\.cache\\\\firebase\\\\emulators\\\\ui-v1.4.2\\\\server.bundle.js\"],\"optionalArgs\":[],\"joinArgs\":false}"}}
[info] i  ui: Emulator UI logging to ui-debug.log {"metadata":{"emulator":{"name":"ui"},"message":"Emulator UI logging to \u001b[1mui-debug.log\u001b[22m"}}
[debug] [2021-04-07T01:20:10.865Z] Web / API server started at http://localhost:4000
 {"metadata":{"emulator":{"name":"ui"},"message":"Web / API server started at http://localhost:4000\n"}}
[info] i  functions: Watching "C:\xampp\htdocs\Promised-Land-Game\functions" for Cloud Functions... {"metadata":{"emulator":{"name":"functions"},"message":"Watching \"C:\\xampp\\htdocs\\Promised-Land-Game\\functions\" for Cloud Functions..."}}
[debug] [2021-04-07T01:20:11.113Z] [worker-pool] addWorker(~diagnostic~) {"metadata":{"emulator":{"name":"functions"},"message":"[worker-pool] addWorker(~diagnostic~)"}}
[debug] [2021-04-07T01:20:11.115Z] [worker-pool] Adding worker with key ~diagnostic~, total=1 {"metadata":{"emulator":{"name":"functions"},"message":"[worker-pool] Adding worker with key ~diagnostic~, total=1"}}
[debug] [2021-04-07T01:20:11.116Z] [worker-pool] submitWork(triggerId=) {"metadata":{"emulator":{"name":"functions"},"message":"[worker-pool] submitWork(triggerId=)"}}
[debug] [2021-04-07T01:20:11.117Z] [worker-~diagnostic~-b1b4fa9f-4753-449c-b4e9-bd5c7aaef3ec]: Assigning socketPath: \\?\pipe\C:\xampp\htdocs\Promised-Land-Game\functions\13512 {"metadata":{"emulator":{"name":"functions"},"message":"[worker-~diagnostic~-b1b4fa9f-4753-449c-b4e9-bd5c7aaef3ec]: Assigning socketPath: \\\\?\\pipe\\C:\\xampp\\htdocs\\Promised-Land-Game\\functions\\13512"}}
[debug] [2021-04-07T01:20:11.118Z] [worker-~diagnostic~-b1b4fa9f-4753-449c-b4e9-bd5c7aaef3ec]: BUSY {"metadata":{"emulator":{"name":"functions"},"message":"[worker-~diagnostic~-b1b4fa9f-4753-449c-b4e9-bd5c7aaef3ec]: BUSY"}}
[debug] [2021-04-07T01:20:11.647Z] [runtime-status] [13512] Functions runtime initialized. {"cwd":"C:\\xampp\\htdocs\\Promised-Land-Game\\functions","node_version":"14.16.0"} {"metadata":{"emulator":{"name":"functions"},"message":"[runtime-status] [13512] Functions runtime initialized. {\"cwd\":\"C:\\\\xampp\\\\htdocs\\\\Promised-Land-Game\\\\functions\",\"node_version\":\"14.16.0\"}"}}
[debug] [2021-04-07T01:20:11.647Z] [runtime-status] [13512] Disabled runtime features: undefined {"metadata":{"emulator":{"name":"functions"},"message":"[runtime-status] [13512] Disabled runtime features: undefined"}}
[debug] [2021-04-07T01:20:11.666Z] [runtime-status] [13512] Resolved module firebase-admin {"declared":true,"installed":true,"version":"9.6.0","resolution":"C:\\xampp\\htdocs\\Promised-Land-Game\\functions\\node_modules\\firebase-admin\\lib\\index.js"} {"metadata":{"emulator":{"name":"functions"},"message":"[runtime-status] [13512] Resolved module firebase-admin {\"declared\":true,\"installed\":true,\"version\":\"9.6.0\",\"resolution\":\"C:\\\\xampp\\\\htdocs\\\\Promised-Land-Game\\\\functions\\\\node_modules\\\\firebase-admin\\\\lib\\\\index.js\"}"}}
[debug] [2021-04-07T01:20:11.674Z] [runtime-status] [13512] Resolved module firebase-functions {"declared":true,"installed":true,"version":"3.13.2","resolution":"C:\\xampp\\htdocs\\Promised-Land-Game\\functions\\node_modules\\firebase-functions\\lib\\index.js"} {"metadata":{"emulator":{"name":"functions"},"message":"[runtime-status] [13512] Resolved module firebase-functions {\"declared\":true,\"installed\":true,\"version\":\"3.13.2\",\"resolution\":\"C:\\\\xampp\\\\htdocs\\\\Promised-Land-Game\\\\functions\\\\node_modules\\\\firebase-functions\\\\lib\\\\index.js\"}"}}
[debug] [2021-04-07T01:20:11.679Z] [runtime-status] [13512] Resolved module firebase-functions {"declared":true,"installed":true,"version":"3.13.2","resolution":"C:\\xampp\\htdocs\\Promised-Land-Game\\functions\\node_modules\\firebase-functions\\lib\\index.js"} {"metadata":{"emulator":{"name":"functions"},"message":"[runtime-status] [13512] Resolved module firebase-functions {\"declared\":true,\"installed\":true,\"version\":\"3.13.2\",\"resolution\":\"C:\\\\xampp\\\\htdocs\\\\Promised-Land-Game\\\\functions\\\\node_modules\\\\firebase-functions\\\\lib\\\\index.js\"}"}}
[debug] [2021-04-07T01:20:11.680Z] [runtime-status] [13512] Set PUBSUB_EMULATOR_HOST to localhost:8085 {"metadata":{"emulator":{"name":"functions"},"message":"[runtime-status] [13512] Set PUBSUB_EMULATOR_HOST to localhost:8085"}}
[debug] [2021-04-07T01:20:11.683Z] [runtime-status] [13512] Outgoing network have been stubbed. [{"name":"http","status":"mocked"},{"name":"http","status":"mocked"},{"name":"https","status":"mocked"},{"name":"https","status":"mocked"},{"name":"net","status":"mocked"}] {"metadata":{"emulator":{"name":"functions"},"message":"[runtime-status] [13512] Outgoing network have been stubbed. [{\"name\":\"http\",\"status\":\"mocked\"},{\"name\":\"http\",\"status\":\"mocked\"},{\"name\":\"https\",\"status\":\"mocked\"},{\"name\":\"https\",\"status\":\"mocked\"},{\"name\":\"net\",\"status\":\"mocked\"}]"}}
[debug] [2021-04-07T01:20:11.684Z] [runtime-status] [13512] Resolved module firebase-functions {"declared":true,"installed":true,"version":"3.13.2","resolution":"C:\\xampp\\htdocs\\Promised-Land-Game\\functions\\node_modules\\firebase-functions\\lib\\index.js"} {"metadata":{"emulator":{"name":"functions"},"message":"[runtime-status] [13512] Resolved module firebase-functions {\"declared\":true,\"installed\":true,\"version\":\"3.13.2\",\"resolution\":\"C:\\\\xampp\\\\htdocs\\\\Promised-Land-Game\\\\functions\\\\node_modules\\\\firebase-functions\\\\lib\\\\index.js\"}"}}
[debug] [2021-04-07T01:20:11.825Z] [runtime-status] [13512] Checked functions.config() {"config":{}} {"metadata":{"emulator":{"name":"functions"},"message":"[runtime-status] [13512] Checked functions.config() {\"config\":{}}"}}
[debug] [2021-04-07T01:20:11.825Z] [runtime-status] [13512] firebase-functions has been stubbed. {"functionsResolution":{"declared":true,"installed":true,"version":"3.13.2","resolution":"C:\\xampp\\htdocs\\Promised-Land-Game\\functions\\node_modules\\firebase-functions\\lib\\index.js"}} {"metadata":{"emulator":{"name":"functions"},"message":"[runtime-status] [13512] firebase-functions has been stubbed. {\"functionsResolution\":{\"declared\":true,\"installed\":true,\"version\":\"3.13.2\",\"resolution\":\"C:\\\\xampp\\\\htdocs\\\\Promised-Land-Game\\\\functions\\\\node_modules\\\\firebase-functions\\\\lib\\\\index.js\"}}"}}
[debug] [2021-04-07T01:20:11.826Z] [runtime-status] [13512] Resolved module firebase-functions {"declared":true,"installed":true,"version":"3.13.2","resolution":"C:\\xampp\\htdocs\\Promised-Land-Game\\functions\\node_modules\\firebase-functions\\lib\\index.js"} {"metadata":{"emulator":{"name":"functions"},"message":"[runtime-status] [13512] Resolved module firebase-functions {\"declared\":true,\"installed\":true,\"version\":\"3.13.2\",\"resolution\":\"C:\\\\xampp\\\\htdocs\\\\Promised-Land-Game\\\\functions\\\\node_modules\\\\firebase-functions\\\\lib\\\\index.js\"}"}}
[debug] [2021-04-07T01:20:11.828Z] [runtime-status] [13512] Resolved module firebase-admin {"declared":true,"installed":true,"version":"9.6.0","resolution":"C:\\xampp\\htdocs\\Promised-Land-Game\\functions\\node_modules\\firebase-admin\\lib\\index.js"} {"metadata":{"emulator":{"name":"functions"},"message":"[runtime-status] [13512] Resolved module firebase-admin {\"declared\":true,\"installed\":true,\"version\":\"9.6.0\",\"resolution\":\"C:\\\\xampp\\\\htdocs\\\\Promised-Land-Game\\\\functions\\\\node_modules\\\\firebase-admin\\\\lib\\\\index.js\"}"}}
[debug] [2021-04-07T01:20:11.828Z] [runtime-status] [13512] Resolved module firebase-functions {"declared":true,"installed":true,"version":"3.13.2","resolution":"C:\\xampp\\htdocs\\Promised-Land-Game\\functions\\node_modules\\firebase-functions\\lib\\index.js"} {"metadata":{"emulator":{"name":"functions"},"message":"[runtime-status] [13512] Resolved module firebase-functions {\"declared\":true,\"installed\":true,\"version\":\"3.13.2\",\"resolution\":\"C:\\\\xampp\\\\htdocs\\\\Promised-Land-Game\\\\functions\\\\node_modules\\\\firebase-functions\\\\lib\\\\index.js\"}"}}
[debug] [2021-04-07T01:20:11.829Z] [runtime-status] [13512] firebase-admin has been stubbed. {"adminResolution":{"declared":true,"installed":true,"version":"9.6.0","resolution":"C:\\xampp\\htdocs\\Promised-Land-Game\\functions\\node_modules\\firebase-admin\\lib\\index.js"}} {"metadata":{"emulator":{"name":"functions"},"message":"[runtime-status] [13512] firebase-admin has been stubbed. {\"adminResolution\":{\"declared\":true,\"installed\":true,\"version\":\"9.6.0\",\"resolution\":\"C:\\\\xampp\\\\htdocs\\\\Promised-Land-Game\\\\functions\\\\node_modules\\\\firebase-admin\\\\lib\\\\index.js\"}}"}}
[debug] [2021-04-07T01:20:11.834Z] [runtime-status] [13512] initializeApp(DEFAULT) {"storageBucket":"promised-land-journey-game.appspot.com","databaseURL":"http://localhost:9000/?ns=promised-land-journey-game-default-rtdb","projectId":"promised-land-journey-game"} {"metadata":{"emulator":{"name":"functions"},"message":"[runtime-status] [13512] initializeApp(DEFAULT) {\"storageBucket\":\"promised-land-journey-game.appspot.com\",\"databaseURL\":\"http://localhost:9000/?ns=promised-land-journey-game-default-rtdb\",\"projectId\":\"promised-land-journey-game\"}"}}
[info] +  functions[addMessage]: http function initialized (http://localhost:5001/promised-land-journey-game/us-central1/addMessage). {"metadata":{"emulator":{"name":"functions"},"message":"\u001b[1mhttp\u001b[22m function initialized (http://localhost:5001/promised-land-journey-game/us-central1/addMessage)."}}
[debug] [2021-04-07T01:20:11.859Z] addFirestoreTrigger "{\"eventTrigger\":{\"resource\":\"projects/promised-land-journey-game/databases/(default)/documents/messages/{documentId}\",\"eventType\":\"providers/cloud.firestore/eventTypes/document.create\",\"service\":\"firestore.googleapis.com\"}}"
[debug] [2021-04-07T01:20:11.860Z] >>> HTTP REQUEST PUT http://localhost:8080/emulator/v1/projects/promised-land-journey-game/triggers/makeUppercase-0  
 {"eventTrigger":{"resource":"projects/promised-land-journey-game/databases/(default)/documents/messages/{documentId}","eventType":"providers/cloud.firestore/eventTypes/document.create","service":"firestore.googleapis.com"}}
[debug] [2021-04-07T01:20:11.866Z] [worker-~diagnostic~-b1b4fa9f-4753-449c-b4e9-bd5c7aaef3ec]: IDLE {"metadata":{"emulator":{"name":"functions"},"message":"[worker-~diagnostic~-b1b4fa9f-4753-449c-b4e9-bd5c7aaef3ec]: IDLE"}}
[debug] [2021-04-07T01:20:11.918Z] Apr 06, 2021 9:20:11 PM io.gapi.emulators.netty.HttpVersionRoutingHandler channelRead
INFO: Detected non-HTTP/2 connection.
 {"metadata":{"emulator":{"name":"firestore"},"message":"Apr 06, 2021 9:20:11 PM io.gapi.emulators.netty.HttpVersionRoutingHandler channelRead\r\nINFO: Detected non-HTTP/2 connection.\r\n"}}
[debug] [2021-04-07T01:20:12.325Z] Apr 06, 2021 9:20:12 PM io.gapi.emulators.netty.HttpVersionRoutingHandler channelRead
INFO: Detected HTTP/2 connection.
 {"metadata":{"emulator":{"name":"firestore"},"message":"Apr 06, 2021 9:20:12 PM io.gapi.emulators.netty.HttpVersionRoutingHandler channelRead\r\nINFO: Detected HTTP/2 connection.\r\n"}}
[debug] [2021-04-07T01:20:13.420Z] <<< HTTP RESPONSE 200 {"content-type":"application/json","content-length":"4"}
[info] +  functions[makeUppercase]: firestore function initialized. {"metadata":{"emulator":{"name":"functions"},"message":"\u001b[1mfirestore\u001b[22m function initialized."}}
[debug] [2021-04-07T01:20:13.423Z] >>> HTTP REQUEST PUT http://localhost:9000/.settings/rules.json?ns=promised-land-journey-game-default-rtdb  
 {
  /* Visit https://firebase.google.com/docs/database/security to learn more about security rules. */
  "rules": {
    ".read": false,
    ".write": false
  }
}
[debug] [2021-04-07T01:20:14.475Z] <<< HTTP RESPONSE 200 {"content-length":"15","content-type":"application/json; charset=utf-8","access-control-allow-origin":"*","cache-control":"no-cache","x-firebase-project-id":"promised-land-journey-game-default-rtdb","x-firebase-project-number":"123456789","x-firebase-uuid":"71814aa6-e887-40f7-862e-71c2b7137325"}
[info] 
┌─────────────────────────────────────────────────────────────┐
│ ✔  All emulators ready! It is now safe to connect your app. │
│ i  View Emulator UI at http://localhost:4000                │
└─────────────────────────────────────────────────────────────┘

┌────────────────┬────────────────┬─────────────────────────────────┐
│ Emulator       │ Host:Port      │ View in Emulator UI             │
├────────────────┼────────────────┼─────────────────────────────────┤
│ Authentication │ localhost:9099 │ http://localhost:4000/auth      │
├────────────────┼────────────────┼─────────────────────────────────┤
│ Functions      │ localhost:5001 │ http://localhost:4000/functions │
├────────────────┼────────────────┼─────────────────────────────────┤
│ Firestore      │ localhost:8080 │ http://localhost:4000/firestore │
├────────────────┼────────────────┼─────────────────────────────────┤
│ Database       │ localhost:9000 │ http://localhost:4000/database  │
├────────────────┼────────────────┼─────────────────────────────────┤
│ Hosting        │ localhost:5000 │ n/a                             │
├────────────────┼────────────────┼─────────────────────────────────┤
│ Pub/Sub        │ localhost:8085 │ n/a                             │
└────────────────┴────────────────┴─────────────────────────────────┘
  Emulator Hub running at localhost:4400
  Other reserved ports: 4500

Issues? Report them at https://github.com/firebase/firebase-tools/issues and attach the *-debug.log files.
 
[debug] [2021-04-07T01:24:43.872Z] Apr 06, 2021 9:24:43 PM io.gapi.emulators.netty.HttpVersionRoutingHandler channelRead
INFO: Detected non-HTTP/2 connection.
 {"metadata":{"emulator":{"name":"firestore"},"message":"Apr 06, 2021 9:24:43 PM io.gapi.emulators.netty.HttpVersionRoutingHandler channelRead\r\nINFO: Detected non-HTTP/2 connection.\r\n"}}
[info] i  hosting: 127.0.0.1 - - [07/Apr/2021:01:25:00 +0000] "GET / HTTP/1.1" 200 4526 "http://localhost:4000/" "Mozilla/5.0 (Windows NT 10.0; Win64; x64) AppleWebKit/537.36 (KHTML, like Gecko) Chrome/89.0.4389.114 Safari/537.36" {"metadata":{"emulator":{"name":"hosting"},"message":"127.0.0.1 - - [07/Apr/2021:01:25:00 +0000] \"GET / HTTP/1.1\" 200 4526 \"http://localhost:4000/\" \"Mozilla/5.0 (Windows NT 10.0; Win64; x64) AppleWebKit/537.36 (KHTML, like Gecko) Chrome/89.0.4389.114 Safari/537.36\""}}
[debug] [2021-04-07T01:25:00.096Z] >>> [apiv2][query] GET https://www.gstatic.com/firebasejs/8.3.2/firebase-app.js [none]
[debug] [2021-04-07T01:25:00.103Z] >>> [apiv2][query] GET https://www.gstatic.com/firebasejs/8.3.2/firebase-auth.js [none]
[debug] [2021-04-07T01:25:00.164Z] <<< [apiv2][status] GET https://www.gstatic.com/firebasejs/8.3.2/firebase-app.js 200
[debug] [2021-04-07T01:25:00.164Z] <<< [apiv2][body] GET https://www.gstatic.com/firebasejs/8.3.2/firebase-app.js [stream]
[info] i  hosting: 127.0.0.1 - - [07/Apr/2021:01:25:00 +0000] "GET /__/firebase/8.3.2/firebase-app.js HTTP/1.1" 200 6586 "http://localhost:5000/" "Mozilla/5.0 (Windows NT 10.0; Win64; x64) AppleWebKit/537.36 (KHTML, like Gecko) Chrome/89.0.4389.114 Safari/537.36" {"metadata":{"emulator":{"name":"hosting"},"message":"127.0.0.1 - - [07/Apr/2021:01:25:00 +0000] \"GET /__/firebase/8.3.2/firebase-app.js HTTP/1.1\" 200 6586 \"http://localhost:5000/\" \"Mozilla/5.0 (Windows NT 10.0; Win64; x64) AppleWebKit/537.36 (KHTML, like Gecko) Chrome/89.0.4389.114 Safari/537.36\""}}
[debug] [2021-04-07T01:25:00.175Z] <<< [apiv2][status] GET https://www.gstatic.com/firebasejs/8.3.2/firebase-auth.js 200
[debug] [2021-04-07T01:25:00.175Z] <<< [apiv2][body] GET https://www.gstatic.com/firebasejs/8.3.2/firebase-auth.js [stream]
[info] i  hosting: 127.0.0.1 - - [07/Apr/2021:01:25:00 +0000] "GET /__/firebase/8.3.2/firebase-auth.js HTTP/1.1" 200 177065 "http://localhost:5000/" "Mozilla/5.0 (Windows NT 10.0; Win64; x64) AppleWebKit/537.36 (KHTML, like Gecko) Chrome/89.0.4389.114 Safari/537.36" {"metadata":{"emulator":{"name":"hosting"},"message":"127.0.0.1 - - [07/Apr/2021:01:25:00 +0000] \"GET /__/firebase/8.3.2/firebase-auth.js HTTP/1.1\" 200 177065 \"http://localhost:5000/\" \"Mozilla/5.0 (Windows NT 10.0; Win64; x64) AppleWebKit/537.36 (KHTML, like Gecko) Chrome/89.0.4389.114 Safari/537.36\""}}
[debug] [2021-04-07T01:25:00.275Z] >>> [apiv2][query] GET https://www.gstatic.com/firebasejs/8.3.2/firebase-database.js [none]
[debug] [2021-04-07T01:25:00.288Z] >>> [apiv2][query] GET https://www.gstatic.com/firebasejs/8.3.2/firebase-functions.js [none]
[debug] [2021-04-07T01:25:00.296Z] >>> [apiv2][query] GET https://www.gstatic.com/firebasejs/8.3.2/firebase-firestore.js [none]
[debug] [2021-04-07T01:25:00.352Z] <<< [apiv2][status] GET https://www.gstatic.com/firebasejs/8.3.2/firebase-functions.js 200
[debug] [2021-04-07T01:25:00.353Z] <<< [apiv2][body] GET https://www.gstatic.com/firebasejs/8.3.2/firebase-functions.js [stream]
[info] i  hosting: 127.0.0.1 - - [07/Apr/2021:01:25:00 +0000] "GET /__/firebase/8.3.2/firebase-functions.js HTTP/1.1" 200 10153 "http://localhost:5000/" "Mozilla/5.0 (Windows NT 10.0; Win64; x64) AppleWebKit/537.36 (KHTML, like Gecko) Chrome/89.0.4389.114 Safari/537.36" {"metadata":{"emulator":{"name":"hosting"},"message":"127.0.0.1 - - [07/Apr/2021:01:25:00 +0000] \"GET /__/firebase/8.3.2/firebase-functions.js HTTP/1.1\" 200 10153 \"http://localhost:5000/\" \"Mozilla/5.0 (Windows NT 10.0; Win64; x64) AppleWebKit/537.36 (KHTML, like Gecko) Chrome/89.0.4389.114 Safari/537.36\""}}
[debug] [2021-04-07T01:25:00.361Z] <<< [apiv2][status] GET https://www.gstatic.com/firebasejs/8.3.2/firebase-database.js 200
[debug] [2021-04-07T01:25:00.362Z] <<< [apiv2][body] GET https://www.gstatic.com/firebasejs/8.3.2/firebase-database.js [stream]
[debug] [2021-04-07T01:25:00.372Z] <<< [apiv2][status] GET https://www.gstatic.com/firebasejs/8.3.2/firebase-firestore.js 200
[debug] [2021-04-07T01:25:00.372Z] <<< [apiv2][body] GET https://www.gstatic.com/firebasejs/8.3.2/firebase-firestore.js [stream]
[info] i  hosting: 127.0.0.1 - - [07/Apr/2021:01:25:00 +0000] "GET /__/firebase/8.3.2/firebase-database.js HTTP/1.1" 200 49639 "http://localhost:5000/" "Mozilla/5.0 (Windows NT 10.0; Win64; x64) AppleWebKit/537.36 (KHTML, like Gecko) Chrome/89.0.4389.114 Safari/537.36" {"metadata":{"emulator":{"name":"hosting"},"message":"127.0.0.1 - - [07/Apr/2021:01:25:00 +0000] \"GET /__/firebase/8.3.2/firebase-database.js HTTP/1.1\" 200 49639 \"http://localhost:5000/\" \"Mozilla/5.0 (Windows NT 10.0; Win64; x64) AppleWebKit/537.36 (KHTML, like Gecko) Chrome/89.0.4389.114 Safari/537.36\""}}
[info] i  hosting: 127.0.0.1 - - [07/Apr/2021:01:25:00 +0000] "GET /__/firebase/8.3.2/firebase-firestore.js HTTP/1.1" 200 327124 "http://localhost:5000/" "Mozilla/5.0 (Windows NT 10.0; Win64; x64) AppleWebKit/537.36 (KHTML, like Gecko) Chrome/89.0.4389.114 Safari/537.36" {"metadata":{"emulator":{"name":"hosting"},"message":"127.0.0.1 - - [07/Apr/2021:01:25:00 +0000] \"GET /__/firebase/8.3.2/firebase-firestore.js HTTP/1.1\" 200 327124 \"http://localhost:5000/\" \"Mozilla/5.0 (Windows NT 10.0; Win64; x64) AppleWebKit/537.36 (KHTML, like Gecko) Chrome/89.0.4389.114 Safari/537.36\""}}
[debug] [2021-04-07T01:25:00.442Z] >>> [apiv2][query] GET https://www.gstatic.com/firebasejs/8.3.2/firebase-messaging.js [none]
[debug] [2021-04-07T01:25:00.445Z] >>> [apiv2][query] GET https://www.gstatic.com/firebasejs/8.3.2/firebase-storage.js [none]
[debug] [2021-04-07T01:25:00.454Z] >>> [apiv2][query] GET https://www.gstatic.com/firebasejs/8.3.2/firebase-analytics.js [none]
[debug] [2021-04-07T01:25:00.497Z] <<< [apiv2][status] GET https://www.gstatic.com/firebasejs/8.3.2/firebase-messaging.js 200
[debug] [2021-04-07T01:25:00.498Z] <<< [apiv2][body] GET https://www.gstatic.com/firebasejs/8.3.2/firebase-messaging.js [stream]
[debug] [2021-04-07T01:25:00.501Z] <<< [apiv2][status] GET https://www.gstatic.com/firebasejs/8.3.2/firebase-analytics.js 200
[debug] [2021-04-07T01:25:00.501Z] <<< [apiv2][body] GET https://www.gstatic.com/firebasejs/8.3.2/firebase-analytics.js [stream]
[debug] [2021-04-07T01:25:00.503Z] <<< [apiv2][status] GET https://www.gstatic.com/firebasejs/8.3.2/firebase-storage.js 200
[debug] [2021-04-07T01:25:00.503Z] <<< [apiv2][body] GET https://www.gstatic.com/firebasejs/8.3.2/firebase-storage.js [stream]
[info] i  hosting: 127.0.0.1 - - [07/Apr/2021:01:25:00 +0000] "GET /__/firebase/8.3.2/firebase-analytics.js HTTP/1.1" 200 35642 "http://localhost:5000/" "Mozilla/5.0 (Windows NT 10.0; Win64; x64) AppleWebKit/537.36 (KHTML, like Gecko) Chrome/89.0.4389.114 Safari/537.36" {"metadata":{"emulator":{"name":"hosting"},"message":"127.0.0.1 - - [07/Apr/2021:01:25:00 +0000] \"GET /__/firebase/8.3.2/firebase-analytics.js HTTP/1.1\" 200 35642 \"http://localhost:5000/\" \"Mozilla/5.0 (Windows NT 10.0; Win64; x64) AppleWebKit/537.36 (KHTML, like Gecko) Chrome/89.0.4389.114 Safari/537.36\""}}
[info] i  hosting: 127.0.0.1 - - [07/Apr/2021:01:25:00 +0000] "GET /__/firebase/8.3.2/firebase-messaging.js HTTP/1.1" 200 40907 "http://localhost:5000/" "Mozilla/5.0 (Windows NT 10.0; Win64; x64) AppleWebKit/537.36 (KHTML, like Gecko) Chrome/89.0.4389.114 Safari/537.36" {"metadata":{"emulator":{"name":"hosting"},"message":"127.0.0.1 - - [07/Apr/2021:01:25:00 +0000] \"GET /__/firebase/8.3.2/firebase-messaging.js HTTP/1.1\" 200 40907 \"http://localhost:5000/\" \"Mozilla/5.0 (Windows NT 10.0; Win64; x64) AppleWebKit/537.36 (KHTML, like Gecko) Chrome/89.0.4389.114 Safari/537.36\""}}
[info] i  hosting: 127.0.0.1 - - [07/Apr/2021:01:25:00 +0000] "GET /__/firebase/8.3.2/firebase-storage.js HTTP/1.1" 200 39963 "http://localhost:5000/" "Mozilla/5.0 (Windows NT 10.0; Win64; x64) AppleWebKit/537.36 (KHTML, like Gecko) Chrome/89.0.4389.114 Safari/537.36" {"metadata":{"emulator":{"name":"hosting"},"message":"127.0.0.1 - - [07/Apr/2021:01:25:00 +0000] \"GET /__/firebase/8.3.2/firebase-storage.js HTTP/1.1\" 200 39963 \"http://localhost:5000/\" \"Mozilla/5.0 (Windows NT 10.0; Win64; x64) AppleWebKit/537.36 (KHTML, like Gecko) Chrome/89.0.4389.114 Safari/537.36\""}}
[debug] [2021-04-07T01:25:00.528Z] >>> [apiv2][query] GET https://www.gstatic.com/firebasejs/8.3.2/firebase-remote-config.js [none]
[debug] [2021-04-07T01:25:00.533Z] >>> [apiv2][query] GET https://www.gstatic.com/firebasejs/8.3.2/firebase-performance.js [none]
[debug] [2021-04-07T01:25:00.580Z] <<< [apiv2][status] GET https://www.gstatic.com/firebasejs/8.3.2/firebase-remote-config.js 200
[debug] [2021-04-07T01:25:00.580Z] <<< [apiv2][body] GET https://www.gstatic.com/firebasejs/8.3.2/firebase-remote-config.js [stream]
[debug] [2021-04-07T01:25:00.586Z] <<< [apiv2][status] GET https://www.gstatic.com/firebasejs/8.3.2/firebase-performance.js 200
[debug] [2021-04-07T01:25:00.586Z] <<< [apiv2][body] GET https://www.gstatic.com/firebasejs/8.3.2/firebase-performance.js [stream]
[info] i  hosting: 127.0.0.1 - - [07/Apr/2021:01:25:00 +0000] "GET /__/firebase/8.3.2/firebase-remote-config.js HTTP/1.1" 200 36779 "http://localhost:5000/" "Mozilla/5.0 (Windows NT 10.0; Win64; x64) AppleWebKit/537.36 (KHTML, like Gecko) Chrome/89.0.4389.114 Safari/537.36" {"metadata":{"emulator":{"name":"hosting"},"message":"127.0.0.1 - - [07/Apr/2021:01:25:00 +0000] \"GET /__/firebase/8.3.2/firebase-remote-config.js HTTP/1.1\" 200 36779 \"http://localhost:5000/\" \"Mozilla/5.0 (Windows NT 10.0; Win64; x64) AppleWebKit/537.36 (KHTML, like Gecko) Chrome/89.0.4389.114 Safari/537.36\""}}
[info] i  hosting: 127.0.0.1 - - [07/Apr/2021:01:25:00 +0000] "GET /__/firebase/8.3.2/firebase-performance.js HTTP/1.1" 200 38229 "http://localhost:5000/" "Mozilla/5.0 (Windows NT 10.0; Win64; x64) AppleWebKit/537.36 (KHTML, like Gecko) Chrome/89.0.4389.114 Safari/537.36" {"metadata":{"emulator":{"name":"hosting"},"message":"127.0.0.1 - - [07/Apr/2021:01:25:00 +0000] \"GET /__/firebase/8.3.2/firebase-performance.js HTTP/1.1\" 200 38229 \"http://localhost:5000/\" \"Mozilla/5.0 (Windows NT 10.0; Win64; x64) AppleWebKit/537.36 (KHTML, like Gecko) Chrome/89.0.4389.114 Safari/537.36\""}}
[info] i  hosting: 127.0.0.1 - - [07/Apr/2021:01:25:00 +0000] "GET /__/firebase/init.js?useEmulator=true HTTP/1.1" 200 - "http://localhost:5000/" "Mozilla/5.0 (Windows NT 10.0; Win64; x64) AppleWebKit/537.36 (KHTML, like Gecko) Chrome/89.0.4389.114 Safari/537.36" {"metadata":{"emulator":{"name":"hosting"},"message":"127.0.0.1 - - [07/Apr/2021:01:25:00 +0000] \"GET /__/firebase/init.js?useEmulator=true HTTP/1.1\" 200 - \"http://localhost:5000/\" \"Mozilla/5.0 (Windows NT 10.0; Win64; x64) AppleWebKit/537.36 (KHTML, like Gecko) Chrome/89.0.4389.114 Safari/537.36\""}}
[info] i  hosting: 127.0.0.1 - - [07/Apr/2021:01:25:01 +0000] "GET /favicon.ico HTTP/1.1" 200 4526 "http://localhost:5000/" "Mozilla/5.0 (Windows NT 10.0; Win64; x64) AppleWebKit/537.36 (KHTML, like Gecko) Chrome/89.0.4389.114 Safari/537.36" {"metadata":{"emulator":{"name":"hosting"},"message":"127.0.0.1 - - [07/Apr/2021:01:25:01 +0000] \"GET /favicon.ico HTTP/1.1\" 200 4526 \"http://localhost:5000/\" \"Mozilla/5.0 (Windows NT 10.0; Win64; x64) AppleWebKit/537.36 (KHTML, like Gecko) Chrome/89.0.4389.114 Safari/537.36\""}}
[debug] [2021-04-07T01:29:41.692Z] Apr 06, 2021 9:29:41 PM io.gapi.emulators.netty.HttpVersionRoutingHandler channelRead
INFO: Detected non-HTTP/2 connection.
 {"metadata":{"emulator":{"name":"firestore"},"message":"Apr 06, 2021 9:29:41 PM io.gapi.emulators.netty.HttpVersionRoutingHandler channelRead\r\nINFO: Detected non-HTTP/2 connection.\r\n"}}
[info] i  hosting: 127.0.0.1 - - [07/Apr/2021:01:40:54 +0000] "GET /__/firebase/init.js?useEmulator=true HTTP/1.1" 200 - "http://localhost:5000/" "Mozilla/5.0 (Windows NT 10.0; Win64; x64) AppleWebKit/537.36 (KHTML, like Gecko) Chrome/89.0.4389.114 Safari/537.36" {"metadata":{"emulator":{"name":"hosting"},"message":"127.0.0.1 - - [07/Apr/2021:01:40:54 +0000] \"GET /__/firebase/init.js?useEmulator=true HTTP/1.1\" 200 - \"http://localhost:5000/\" \"Mozilla/5.0 (Windows NT 10.0; Win64; x64) AppleWebKit/537.36 (KHTML, like Gecko) Chrome/89.0.4389.114 Safari/537.36\""}}
